14:29:59 **** Incremental Build of configuration Nios II for project usb-kb ****
make all 
Info: Building ../usb-kb_bsp/
C:/intelFPGA_lite/18.1/nios2eds/bin/gnu/H-x86_64-mingw32/bin/make --no-print-directory -C ../usb-kb_bsp/
[BSP build complete]
Info: Compiling main.c to obj/default/main.o
nios2-elf-gcc -xc -MP -MMD -c -I../usb-kb_bsp//HAL/inc -I../usb-kb_bsp/ -I../usb-kb_bsp//drivers/inc  -pipe -D__hal__ -DALT_NO_INSTRUCTION_EMULATION -DALT_SINGLE_THREADED    -O0 -g -Wall   -mno-hw-div -mno-hw-mul -mno-hw-mulx -mgpopt=global  -o obj/default/main.o main.c
In file included from main.c:9:0:
../usb-kb_bsp/system.h:189:41: warning: initialization makes pointer from integer without a cast [-Wint-conversion]
 #define VGA_TEXT_MODE_CONTROLLER_0_BASE 0x8004000
                                         ^
main_helper.h:23:55: note: in expansion of macro 'VGA_TEXT_MODE_CONTROLLER_0_BASE'
 static volatile struct TEXT_VGA_STRUCT* sprite_ctrl = VGA_TEXT_MODE_CONTROLLER_0_BASE;
                                                       ^
main.c: In function 'main':
main.c:88:7: warning: unused variable 'keycode' [-Wunused-variable]
  WORD keycode;
       ^
Info: Linking usb-kb.elf
nios2-elf-g++  -T'../usb-kb_bsp//linker.x' -msys-crt0='../usb-kb_bsp//obj/HAL/src/crt0.o' -msys-lib=hal_bsp -L../usb-kb_bsp/   -Wl,-Map=usb-kb.map   -O0 -g -Wall   -mno-hw-div -mno-hw-mul -mno-hw-mulx -mgpopt=global  -o usb-kb.elf obj/default/main.o obj/default/usb_kb/HID.o obj/default/usb_kb/MAX3421E.o obj/default/usb_kb/transfer.o -lm -msys-lib=m
nios2-elf-insert usb-kb.elf --thread_model hal --cpu_name nios2_gen2_0 --qsys true --simulation_enabled false --id 0 --sidp 0x80091f0 --timestamp 1670612444 --stderr_dev jtag_uart_0 --stdin_dev jtag_uart_0 --stdout_dev jtag_uart_0 --sopc_system_name lab71_soc --quartus_project_dir "C:/Users/zayaa/OneDrive/Documents/ece-385-projects/fin-proj/Lab7-quartus" --jdi C:/Users/zayaa/OneDrive/Documents/ece-385-projects/fin-proj/Lab7-quartus/software/usb-kb_bsp/../../lab61.jdi --sopcinfo C:/Users/zayaa/OneDrive/Documents/ece-385-projects/fin-proj/Lab7-quartus/software/usb-kb_bsp/../../lab71_soc.sopcinfo
Info: (usb-kb.elf) 85 KBytes program size (code + initialized data).
Info:              65443 KBytes free for stack + heap.
Info: Creating usb-kb.objdump
nios2-elf-objdump --disassemble --syms --all-header --source usb-kb.elf >usb-kb.objdump
[usb-kb build complete]

14:30:01 Build Finished (took 1s.817ms)

